{"/mnt/c/Users/Gabie/OneDrive/Bureau/Projets/Blog/src/App.tsx": {"path":"/mnt/c/Users/Gabie/OneDrive/Bureau/Projets/Blog/src/App.tsx","statementMap":{"0":{"start":{"line":1,"column":0},"end":{"line":1,"column":33}},"1":{"start":{"line":2,"column":0},"end":{"line":2,"column":43}},"2":{"start":{"line":3,"column":0},"end":{"line":3,"column":41}},"3":{"start":{"line":4,"column":0},"end":{"line":4,"column":19}},"4":{"start":{"line":7,"column":28},"end":{"line":7,"column":39}},"5":{"start":{"line":9,"column":25},"end":{"line":9,"column":69}},"6":{"start":{"line":9,"column":31},"end":{"line":9,"column":69}},"7":{"start":{"line":9,"column":55},"end":{"line":9,"column":68}},"8":{"start":{"line":11,"column":2},"end":{"line":38,"column":4}},"9":{"start":{"line":41,"column":0},"end":{"line":41,"column":19}}},"fnMap":{"0":{"name":"App","decl":{"start":{"line":6,"column":9},"end":{"line":6,"column":12}},"loc":{"start":{"line":6,"column":12},"end":{"line":39,"column":1}}},"1":{"name":"(anonymous_2)","decl":{"start":{"line":9,"column":25},"end":{"line":9,"column":28}},"loc":{"start":{"line":9,"column":31},"end":{"line":9,"column":69}}},"2":{"name":"(anonymous_3)","decl":{"start":{"line":9,"column":40},"end":{"line":9,"column":41}},"loc":{"start":{"line":9,"column":55},"end":{"line":9,"column":68}}}},"branchMap":{},"s":{"0":1,"1":1,"2":1,"3":1,"4":6,"5":6,"6":2,"7":2,"8":6,"9":1},"f":{"0":6,"1":2,"2":2},"b":{}}
,"/mnt/c/Users/Gabie/OneDrive/Bureau/Projets/Blog/src/utils/math.ts": {"path":"/mnt/c/Users/Gabie/OneDrive/Bureau/Projets/Blog/src/utils/math.ts","statementMap":{"0":{"start":{"line":1,"column":0},"end":{"line":1,"column":16}},"1":{"start":{"line":5,"column":2},"end":{"line":5,"column":18}},"2":{"start":{"line":2,"column":4},"end":{"line":2,"column":17}},"3":{"start":{"line":6,"column":4},"end":{"line":6,"column":17}}},"fnMap":{"0":{"name":"add","decl":{"start":{"line":1,"column":16},"end":{"line":1,"column":19}},"loc":{"start":{"line":1,"column":40},"end":{"line":3,"column":3}}},"1":{"name":"subtract","decl":{"start":{"line":5,"column":18},"end":{"line":5,"column":26}},"loc":{"start":{"line":5,"column":47},"end":{"line":7,"column":3}}}},"branchMap":{},"s":{"0":1,"1":1,"2":2,"3":2},"f":{"0":2,"1":2},"b":{}}
}
